Build started 02/11/2015 16:19:39.
     1>Project "C:\Users\Gustavo\Documents\GitHub\ClassesGrauB\OpenGl\OpenGl\OpenGl.vcxproj" on node 2 (Build target(s)).
     1>ClCompile:
         C:\Program Files (x86)\Microsoft Visual Studio 14.0\VC\bin\CL.exe /c /I"C:\Users\Gustavo Schroeder\Documents\Visual Studio 2015\Glew\freeglut\include" /I"C:\Users\Gustavo Schroeder\Documents\Visual Studio 2015\Glew\glew-1.11.0\include" /Zi /nologo /W3 /WX- /sdl /O2 /Oi /Oy- /GL /D _MBCS /Gm- /EHsc /MD /GS /Gy /fp:precise /Zc:wchar_t /Zc:forScope /Zc:inline /Fo"Release\\" /Fd"Release\vc140.pdb" /Gd /TP /analyze- /errorReport:prompt Source.cpp
         Source.cpp
     1>c:\users\gustavo\documents\github\classesgraub\opengl\opengl\TileSet.h(13): warning C4200: nonstandard extension used: zero-sized array in struct/union
         c:\users\gustavo\documents\github\classesgraub\opengl\opengl\TileSet.h(13): note: Cannot generate copy-ctor or copy-assignment operator when UDT contains a zero-sized array
     1>Source.cpp(34): warning C4244: 'argument': conversion from 'int' to 'GLfloat', possible loss of data
     1>Source.cpp(35): warning C4244: 'argument': conversion from 'int' to 'GLfloat', possible loss of data
     1>Source.cpp(36): warning C4244: 'argument': conversion from 'int' to 'GLfloat', possible loss of data
     1>Source.cpp(37): warning C4244: 'argument': conversion from 'int' to 'GLfloat', possible loss of data
       Link:
         C:\Program Files (x86)\Microsoft Visual Studio 14.0\VC\bin\link.exe /ERRORREPORT:PROMPT /OUT:"C:\Users\Gustavo\Documents\GitHub\ClassesGrauB\OpenGl\Release\OpenGl.exe" /NOLOGO /LIBPATH:"C:\Users\Gustavo Schroeder\Documents\Visual Studio 2015\Glew\freeglut\lib" /LIBPATH:"C:\Users\Gustavo Schroeder\Documents\Visual Studio 2015\Glew\glew-1.11.0\lib" glew32.lib freeglut.lib kernel32.lib user32.lib gdi32.lib winspool.lib comdlg32.lib advapi32.lib shell32.lib ole32.lib oleaut32.lib uuid.lib odbc32.lib odbccp32.lib /MANIFEST /MANIFESTUAC:"level='asInvoker' uiAccess='false'" /manifest:embed /Debug /PDB:"C:\Users\Gustavo\Documents\GitHub\ClassesGrauB\OpenGl\Release\OpenGl.pdb" /OPT:REF /OPT:ICF /LTCG:incremental /TLBID:1 /DYNAMICBASE /NXCOMPAT /IMPLIB:"C:\Users\Gustavo\Documents\GitHub\ClassesGrauB\OpenGl\Release\OpenGl.lib" /MACHINE:X86 /SAFESEH Release\helloworld.obj
         Release\Source.obj
     1>Source.obj : error LNK2005: "unsigned char var" (?var@@3EA) already defined in helloworld.obj
     1>Source.obj : error LNK2005: _main already defined in helloworld.obj
     1>Source.obj : error LNK2005: "void __cdecl init(void)" (?init@@YAXXZ) already defined in helloworld.obj
     1>Source.obj : error LNK2005: "void __cdecl display(void)" (?display@@YAXXZ) already defined in helloworld.obj
     1>C:\Users\Gustavo\Documents\GitHub\ClassesGrauB\OpenGl\Release\OpenGl.exe : fatal error LNK1169: one or more multiply defined symbols found
     1>Done Building Project "C:\Users\Gustavo\Documents\GitHub\ClassesGrauB\OpenGl\OpenGl\OpenGl.vcxproj" (Build target(s)) -- FAILED.

Build FAILED.

Time Elapsed 00:00:03.20
