Build started 28/11/2015 00:16:33.
     1>Project "C:\Users\Gustavo\Documents\GitHub\ClassesGrauB\OpenGl\OpenGl.vcxproj" on node 2 (Build target(s)).
     1>ClCompile:
         C:\Program Files (x86)\Microsoft Visual Studio 14.0\VC\bin\CL.exe /c /I"C:\Users\Gustavo Schroeder\Documents\Visual Studio 2015\Glew\freeglut\include" /I"C:\Users\Gustavo Schroeder\Documents\Visual Studio 2015\Glew\glew-1.11.0\include" /ZI /nologo /W3 /WX- /sdl /Od /Oy- /D _MBCS /Gm /EHsc /RTC1 /MDd /GS /fp:precise /Zc:wchar_t /Zc:forScope /Zc:inline /Fo"Debug\\" /Fd"Debug\vc140.pdb" /Gd /TP /analyze- /errorReport:prompt Source.cpp
         Source.cpp
     1>c:\users\gustavo\documents\github\classesgraub\opengl\tilemap.h(17): warning C4200: nonstandard extension used: zero-sized array in struct/union
         c:\users\gustavo\documents\github\classesgraub\opengl\tilemap.h(17): note: Cannot generate copy-ctor or copy-assignment operator when UDT contains a zero-sized array
     1>c:\users\gustavo\documents\github\classesgraub\opengl\tileset.h(13): warning C4200: nonstandard extension used: zero-sized array in struct/union
         c:\users\gustavo\documents\github\classesgraub\opengl\tileset.h(13): note: Cannot generate copy-ctor or copy-assignment operator when UDT contains a zero-sized array
     1>c:\users\gustavo\documents\github\classesgraub\opengl\isometricview.h(66): warning C4101: 'y0': unreferenced local variable
     1>c:\users\gustavo\documents\github\classesgraub\opengl\isometricview.h(66): warning C4101: 'x0': unreferenced local variable
     1>c:\users\gustavo\documents\github\classesgraub\opengl\source.cpp(54): warning C4244: 'argument': conversion from 'int' to 'GLfloat', possible loss of data
     1>c:\users\gustavo\documents\github\classesgraub\opengl\source.cpp(55): warning C4244: 'argument': conversion from 'int' to 'GLfloat', possible loss of data
     1>c:\users\gustavo\documents\github\classesgraub\opengl\source.cpp(56): warning C4244: 'argument': conversion from 'int' to 'GLfloat', possible loss of data
     1>c:\users\gustavo\documents\github\classesgraub\opengl\source.cpp(57): warning C4244: 'argument': conversion from 'int' to 'GLfloat', possible loss of data
     1>c:\users\gustavo\documents\github\classesgraub\opengl\source.cpp(62): warning C4244: 'argument': conversion from 'int' to 'GLfloat', possible loss of data
     1>c:\users\gustavo\documents\github\classesgraub\opengl\source.cpp(63): warning C4244: 'argument': conversion from 'int' to 'GLfloat', possible loss of data
     1>c:\users\gustavo\documents\github\classesgraub\opengl\source.cpp(64): warning C4244: 'argument': conversion from 'int' to 'GLfloat', possible loss of data
     1>c:\users\gustavo\documents\github\classesgraub\opengl\source.cpp(65): warning C4244: 'argument': conversion from 'int' to 'GLfloat', possible loss of data
     1>c:\users\gustavo\documents\github\classesgraub\opengl\source.cpp(123): warning C4305: 'argument': truncation from 'double' to 'GLclampf'
       Link:
         C:\Program Files (x86)\Microsoft Visual Studio 14.0\VC\bin\link.exe /ERRORREPORT:PROMPT /OUT:"C:\Users\Gustavo\Documents\GitHub\ClassesGrauB\Debug\OpenGl.exe" /INCREMENTAL /NOLOGO /LIBPATH:"C:\Users\Gustavo Schroeder\Documents\Visual Studio 2015\Glew\freeglut\lib" /LIBPATH:"C:\Users\Gustavo Schroeder\Documents\Visual Studio 2015\Glew\glew-1.11.0\lib" glew32.lib freeglut.lib kernel32.lib user32.lib gdi32.lib winspool.lib comdlg32.lib advapi32.lib shell32.lib ole32.lib oleaut32.lib uuid.lib odbc32.lib odbccp32.lib /MANIFEST /MANIFESTUAC:"level='asInvoker' uiAccess='false'" /manifest:embed /Debug /PDB:"C:\Users\Gustavo\Documents\GitHub\ClassesGrauB\Debug\OpenGl.pdb" /TLBID:1 /DYNAMICBASE /NXCOMPAT /IMPLIB:"C:\Users\Gustavo\Documents\GitHub\ClassesGrauB\Debug\OpenGl.lib" /MACHINE:X86 Debug\Source.obj
         OpenGl.vcxproj -> C:\Users\Gustavo\Documents\GitHub\ClassesGrauB\Debug\OpenGl.exe
     1>Done Building Project "C:\Users\Gustavo\Documents\GitHub\ClassesGrauB\OpenGl\OpenGl.vcxproj" (Build target(s)).

Build succeeded.

Time Elapsed 00:00:04.03
